id 162
cúpula palmeirense -> organizacao
alguém do Palmeiras -> time

id 379
torcida do alviverde -> torcida
torcida corintiana -> torcida

id 675
Paulista de Jundiaí -> time + lugar ou somente time?
Dia de São Sebastião -> não classificado

id 563
Série B do Campeonato Brasileiro -> campeonato

id 682
Presidente do Corinthians -> pessoa?
Pronto Socorro do Hospital São Luiz -> somente Hospital São Luiz

id 252
clube do interior paulista -> nao classificado

id 549
Estadual -> campeonato
clube campineiro -> time
clube paulista -> time

id 297
medico do São Paulo -> pessoa

id 658
equipe paulista -> time

id 555
clube campineiro -> time
clube mineiro -> time
time bugrino -> time
equipe campineira -> time

id 214
presidente do clube pernambucano -> pessoa
clube alagoano -> time

id 295
zagueiro do São Paulo -> time São Paulo

id 559
Moisés Lucarelli -> com sentido de time, classificado como Estádio

id 531
prefeito de Barueri -> somente Lugar Barueri

id 291
BID (Boletim Informativo Diário) da CBF -> 3 entidades

id 670
BID (Boletim Informativo Diário) da CBF (Confederação Brasileira de Futebol) -> 4 entidades

id 268
presidente da Comissão de Arbitragem da Federação Paulista de Futebol Coronel Marinho -> 2 entidades comissao e coronel

id 721
campeão paulista -> paulista campeonato

id 571
pré-Libertadores -> campeonato Libertadores

id 170
Conselho Deliberativo -> organização

id 393
departamento de fisioterapia do Corinthians -> organização

id 341
Parque São Jorge -> sentido de time, classificado como Estádio

id 684
Morumbi -> sentido de time, classificado como Estádio